# JRE version: Java(TM) SE Runtime Environment (17.0.6+9) (build 17.0.6+9-LTS-190)
# Java VM: Java HotSpot(TM) 64-Bit Server VM (17.0.6+9-LTS-190, mixed mode, sharing, tiered, compressed oops, compressed class ptrs, g1 gc, windows-amd64)
GC Precious Log:
 CPUs: 8 total, 8 available
 Memory: 6030M
 Large Page Support: Disabled
 NUMA Support: Disabled
 Compressed Oops: Enabled (Zero based)
 Heap Region Size: 2M
 Heap Min Capacity: 8M
 Heap Initial Capacity: 96M
 Heap Max Capacity: 4G
 Pre-touch: Disabled
 Parallel Workers: 8
 Concurrent Workers: 2
 Concurrent Refinement Workers: 8
 Periodic GC: Disabled
Heap:
 garbage-first heap   total 385024K, used 127048K [0x0000000700000000, 0x0000000800000000)
  region size 2048K, 6 young (12288K), 6 survivors (12288K)
 Metaspace       used 60070K, committed 60672K, reserved 1105920K
  class space    used 8088K, committed 8384K, reserved 1048576K
GC Heap History (20 events):
Event: 44.921 GC heap after
{Heap after GC invocations=49 (full 0):
 garbage-first heap   total 319488K, used 124491K [0x0000000700000000, 0x0000000800000000)
  region size 2048K, 6 young (12288K), 6 survivors (12288K)
 Metaspace       used 59830K, committed 60480K, reserved 1105920K
  class space    used 8069K, committed 8384K, reserved 1048576K
}
Event: 46.168 GC heap before
{Heap before GC invocations=49 (full 0):
 garbage-first heap   total 319488K, used 271947K [0x0000000700000000, 0x0000000800000000)
  region size 2048K, 78 young (159744K), 6 survivors (12288K)
 Metaspace       used 59832K, committed 60480K, reserved 1105920K
  class space    used 8069K, committed 8384K, reserved 1048576K
}
Event: 46.187 GC heap after
{Heap after GC invocations=50 (full 0):
 garbage-first heap   total 385024K, used 125451K [0x0000000700000000, 0x0000000800000000)
  region size 2048K, 6 young (12288K), 6 survivors (12288K)
 Metaspace       used 59832K, committed 60480K, reserved 1105920K
  class space    used 8069K, committed 8384K, reserved 1048576K
}
Event: 47.537 GC heap before
{Heap before GC invocations=50 (full 0):
 garbage-first heap   total 385024K, used 330251K [0x0000000700000000, 0x0000000800000000)
  region size 2048K, 108 young (221184K), 6 survivors (12288K)
 Metaspace       used 59841K, committed 60480K, reserved 1105920K
  class space    used 8070K, committed 8384K, reserved 1048576K
}
Event: 47.554 GC heap after
{Heap after GC invocations=51 (full 0):
 garbage-first heap   total 385024K, used 124518K [0x0000000700000000, 0x0000000800000000)
  region size 2048K, 6 young (12288K), 6 survivors (12288K)
 Metaspace       used 59841K, committed 60480K, reserved 1105920K
  class space    used 8070K, committed 8384K, reserved 1048576K
}
Event: 48.346 GC heap before
{Heap before GC invocations=51 (full 0):
 garbage-first heap   total 385024K, used 329318K [0x0000000700000000, 0x0000000800000000)
  region size 2048K, 107 young (219136K), 6 survivors (12288K)
 Metaspace       used 59845K, committed 60480K, reserved 1105920K
  class space    used 8070K, committed 8384K, reserved 1048576K
}
Event: 48.371 GC heap after
{Heap after GC invocations=52 (full 0):
 garbage-first heap   total 385024K, used 125073K [0x0000000700000000, 0x0000000800000000)
  region size 2048K, 6 young (12288K), 6 survivors (12288K)
 Metaspace       used 59845K, committed 60480K, reserved 1105920K
  class space    used 8070K, committed 8384K, reserved 1048576K
}
Event: 49.599 GC heap before
{Heap before GC invocations=52 (full 0):
 garbage-first heap   total 385024K, used 329873K [0x0000000700000000, 0x0000000800000000)
  region size 2048K, 107 young (219136K), 6 survivors (12288K)
 Metaspace       used 59848K, committed 60480K, reserved 1105920K
  class space    used 8070K, committed 8384K, reserved 1048576K
}
Event: 49.613 GC heap after
{Heap after GC invocations=53 (full 0):
 garbage-first heap   total 385024K, used 124844K [0x0000000700000000, 0x0000000800000000)
  region size 2048K, 6 young (12288K), 6 survivors (12288K)
 Metaspace       used 59848K, committed 60480K, reserved 1105920K
  class space    used 8070K, committed 8384K, reserved 1048576K
}
Event: 51.184 GC heap before
{Heap before GC invocations=53 (full 0):
 garbage-first heap   total 385024K, used 331692K [0x0000000700000000, 0x0000000800000000)
  region size 2048K, 107 young (219136K), 6 survivors (12288K)
 Metaspace       used 59898K, committed 60544K, reserved 1105920K
  class space    used 8072K, committed 8384K, reserved 1048576K
}
Event: 51.195 GC heap after
{Heap after GC invocations=54 (full 0):
 garbage-first heap   total 385024K, used 122851K [0x0000000700000000, 0x0000000800000000)
  region size 2048K, 5 young (10240K), 5 survivors (10240K)
 Metaspace       used 59898K, committed 60544K, reserved 1105920K
  class space    used 8072K, committed 8384K, reserved 1048576K
}
Event: 52.602 GC heap before
{Heap before GC invocations=54 (full 0):
 garbage-first heap   total 385024K, used 331747K [0x0000000700000000, 0x0000000800000000)
  region size 2048K, 108 young (221184K), 5 survivors (10240K)
 Metaspace       used 59910K, committed 60544K, reserved 1105920K
  class space    used 8073K, committed 8384K, reserved 1048576K
}
Event: 52.621 GC heap after
{Heap after GC invocations=55 (full 0):
 garbage-first heap   total 385024K, used 127584K [0x0000000700000000, 0x0000000800000000)
  region size 2048K, 7 young (14336K), 7 survivors (14336K)
 Metaspace       used 59910K, committed 60544K, reserved 1105920K
  class space    used 8073K, committed 8384K, reserved 1048576K
}
Event: 54.130 GC heap before
{Heap before GC invocations=55 (full 0):
 garbage-first heap   total 385024K, used 328288K [0x0000000700000000, 0x0000000800000000)
  region size 2048K, 106 young (217088K), 7 survivors (14336K)
 Metaspace       used 59926K, committed 60544K, reserved 1105920K
  class space    used 8073K, committed 8384K, reserved 1048576K
}
Event: 54.148 GC heap after
{Heap after GC invocations=56 (full 0):
 garbage-first heap   total 385024K, used 126113K [0x0000000700000000, 0x0000000800000000)
  region size 2048K, 6 young (12288K), 6 survivors (12288K)
 Metaspace       used 59926K, committed 60544K, reserved 1105920K
  class space    used 8073K, committed 8384K, reserved 1048576K
}
Event: 55.718 GC heap before
{Heap before GC invocations=56 (full 0):
 garbage-first heap   total 385024K, used 332961K [0x0000000700000000, 0x0000000800000000)
  region size 2048K, 107 young (219136K), 6 survivors (12288K)
 Metaspace       used 59942K, committed 60608K, reserved 1105920K
  class space    used 8073K, committed 8384K, reserved 1048576K
}
Event: 55.743 GC heap after
{Heap after GC invocations=57 (full 0):
 garbage-first heap   total 385024K, used 126439K [0x0000000700000000, 0x0000000800000000)
  region size 2048K, 6 young (12288K), 6 survivors (12288K)
 Metaspace       used 59942K, committed 60608K, reserved 1105920K
  class space    used 8073K, committed 8384K, reserved 1048576K
}
Event: 57.077 GC heap before
{Heap before GC invocations=57 (full 0):
 garbage-first heap   total 385024K, used 331239K [0x0000000700000000, 0x0000000800000000)
  region size 2048K, 106 young (217088K), 6 survivors (12288K)
 Metaspace       used 60058K, committed 60672K, reserved 1105920K
  class space    used 8088K, committed 8384K, reserved 1048576K
}
Event: 57.103 GC heap after
{Heap after GC invocations=58 (full 0):
 garbage-first heap   total 385024K, used 127896K [0x0000000700000000, 0x0000000800000000)
  region size 2048K, 7 young (14336K), 7 survivors (14336K)
 Metaspace       used 60058K, committed 60672K, reserved 1105920K
  class space    used 8088K, committed 8384K, reserved 1048576K
}
Event: 59.550 GC heap before
{Heap before GC invocations=58 (full 0):
 garbage-first heap   total 385024K, used 326552K [0x0000000700000000, 0x0000000800000000)
  region size 2048K, 105 young (215040K), 7 survivors (14336K)
 Metaspace       used 60070K, committed 60672K, reserved 1105920K
  class space    used 8088K, committed 8384K, reserved 1048576K
}

