# JRE version: Java(TM) SE Runtime Environment (17.0.6+9) (build 17.0.6+9-LTS-190)
# Java VM: Java HotSpot(TM) 64-Bit Server VM (17.0.6+9-LTS-190, mixed mode, sharing, tiered, compressed oops, compressed class ptrs, g1 gc, windows-amd64)
GC Precious Log:
 CPUs: 8 total, 8 available
 Memory: 6030M
 Large Page Support: Disabled
 NUMA Support: Disabled
 Compressed Oops: Enabled (Zero based)
 Heap Region Size: 2M
 Heap Min Capacity: 8M
 Heap Initial Capacity: 96M
 Heap Max Capacity: 4G
 Pre-touch: Disabled
 Parallel Workers: 8
 Concurrent Workers: 2
 Concurrent Refinement Workers: 8
 Periodic GC: Disabled
Heap:
 garbage-first heap   total 133120K, used 74163K [0x0000000700000000, 0x0000000800000000)
  region size 2048K, 2 young (4096K), 2 survivors (4096K)
 Metaspace       used 52817K, committed 53376K, reserved 1097728K
  class space    used 7234K, committed 7488K, reserved 1048576K
GC Heap History (20 events):
Event: 24.460 GC heap after
{Heap after GC invocations=17 (full 0):
 garbage-first heap   total 98304K, used 48277K [0x0000000700000000, 0x0000000800000000)
  region size 2048K, 3 young (6144K), 3 survivors (6144K)
 Metaspace       used 51065K, committed 51648K, reserved 1097728K
  class space    used 6986K, committed 7296K, reserved 1048576K
}
Event: 25.599 GC heap before
{Heap before GC invocations=17 (full 0):
 garbage-first heap   total 98304K, used 74901K [0x0000000700000000, 0x0000000800000000)
  region size 2048K, 17 young (34816K), 3 survivors (6144K)
 Metaspace       used 51129K, committed 51776K, reserved 1097728K
  class space    used 6987K, committed 7296K, reserved 1048576K
}
Event: 25.611 GC heap after
{Heap after GC invocations=18 (full 0):
 garbage-first heap   total 98304K, used 48998K [0x0000000700000000, 0x0000000800000000)
  region size 2048K, 2 young (4096K), 2 survivors (4096K)
 Metaspace       used 51129K, committed 51776K, reserved 1097728K
  class space    used 6987K, committed 7296K, reserved 1048576K
}
Event: 26.680 GC heap before
{Heap before GC invocations=19 (full 0):
 garbage-first heap   total 98304K, used 77670K [0x0000000700000000, 0x0000000800000000)
  region size 2048K, 17 young (34816K), 2 survivors (4096K)
 Metaspace       used 51769K, committed 52352K, reserved 1097728K
  class space    used 7123K, committed 7424K, reserved 1048576K
}
Event: 26.686 GC heap after
{Heap after GC invocations=20 (full 0):
 garbage-first heap   total 98304K, used 51598K [0x0000000700000000, 0x0000000800000000)
  region size 2048K, 3 young (6144K), 3 survivors (6144K)
 Metaspace       used 51769K, committed 52352K, reserved 1097728K
  class space    used 7123K, committed 7424K, reserved 1048576K
}
Event: 26.699 GC heap before
{Heap before GC invocations=20 (full 0):
 garbage-first heap   total 98304K, used 51598K [0x0000000700000000, 0x0000000800000000)
  region size 2048K, 4 young (8192K), 3 survivors (6144K)
 Metaspace       used 51778K, committed 52352K, reserved 1097728K
  class space    used 7125K, committed 7424K, reserved 1048576K
}
Event: 26.709 GC heap after
{Heap after GC invocations=21 (full 0):
 garbage-first heap   total 98304K, used 51830K [0x0000000700000000, 0x0000000800000000)
  region size 2048K, 1 young (2048K), 1 survivors (2048K)
 Metaspace       used 51778K, committed 52352K, reserved 1097728K
  class space    used 7125K, committed 7424K, reserved 1048576K
}
Event: 27.224 GC heap before
{Heap before GC invocations=21 (full 0):
 garbage-first heap   total 98304K, used 76406K [0x0000000700000000, 0x0000000800000000)
  region size 2048K, 14 young (28672K), 1 survivors (2048K)
 Metaspace       used 52299K, committed 52928K, reserved 1097728K
  class space    used 7188K, committed 7488K, reserved 1048576K
}
Event: 27.231 GC heap after
{Heap after GC invocations=22 (full 0):
 garbage-first heap   total 98304K, used 56018K [0x0000000700000000, 0x0000000800000000)
  region size 2048K, 2 young (4096K), 2 survivors (4096K)
 Metaspace       used 52299K, committed 52928K, reserved 1097728K
  class space    used 7188K, committed 7488K, reserved 1048576K
}
Event: 27.492 GC heap before
{Heap before GC invocations=23 (full 0):
 garbage-first heap   total 112640K, used 76498K [0x0000000700000000, 0x0000000800000000)
  region size 2048K, 13 young (26624K), 2 survivors (4096K)
 Metaspace       used 52574K, committed 53184K, reserved 1097728K
  class space    used 7227K, committed 7488K, reserved 1048576K
}
Event: 27.505 GC heap after
{Heap after GC invocations=24 (full 0):
 garbage-first heap   total 112640K, used 59600K [0x0000000700000000, 0x0000000800000000)
  region size 2048K, 2 young (4096K), 2 survivors (4096K)
 Metaspace       used 52574K, committed 53184K, reserved 1097728K
  class space    used 7227K, committed 7488K, reserved 1048576K
}
Event: 27.686 GC heap before
{Heap before GC invocations=24 (full 0):
 garbage-first heap   total 112640K, used 86224K [0x0000000700000000, 0x0000000800000000)
  region size 2048K, 15 young (30720K), 2 survivors (4096K)
 Metaspace       used 52648K, committed 53184K, reserved 1097728K
  class space    used 7229K, committed 7488K, reserved 1048576K
}
Event: 27.698 GC heap after
{Heap after GC invocations=25 (full 0):
 garbage-first heap   total 112640K, used 62790K [0x0000000700000000, 0x0000000800000000)
  region size 2048K, 2 young (4096K), 2 survivors (4096K)
 Metaspace       used 52648K, committed 53184K, reserved 1097728K
  class space    used 7229K, committed 7488K, reserved 1048576K
}
Event: 28.011 GC heap before
{Heap before GC invocations=26 (full 0):
 garbage-first heap   total 126976K, used 87366K [0x0000000700000000, 0x0000000800000000)
  region size 2048K, 14 young (28672K), 2 survivors (4096K)
 Metaspace       used 52731K, committed 53312K, reserved 1097728K
  class space    used 7230K, committed 7488K, reserved 1048576K
}
Event: 28.020 GC heap after
{Heap after GC invocations=27 (full 0):
 garbage-first heap   total 126976K, used 65271K [0x0000000700000000, 0x0000000800000000)
  region size 2048K, 2 young (4096K), 2 survivors (4096K)
 Metaspace       used 52731K, committed 53312K, reserved 1097728K
  class space    used 7230K, committed 7488K, reserved 1048576K
}
Event: 28.329 GC heap before
{Heap before GC invocations=27 (full 0):
 garbage-first heap   total 126976K, used 98039K [0x0000000700000000, 0x0000000800000000)
  region size 2048K, 18 young (36864K), 2 survivors (4096K)
 Metaspace       used 52747K, committed 53312K, reserved 1097728K
  class space    used 7230K, committed 7488K, reserved 1048576K
}
Event: 28.349 GC heap after
{Heap after GC invocations=28 (full 0):
 garbage-first heap   total 126976K, used 70634K [0x0000000700000000, 0x0000000800000000)
  region size 2048K, 3 young (6144K), 3 survivors (6144K)
 Metaspace       used 52747K, committed 53312K, reserved 1097728K
  class space    used 7230K, committed 7488K, reserved 1048576K
}
Event: 28.817 GC heap before
{Heap before GC invocations=29 (full 0):
 garbage-first heap   total 133120K, used 99306K [0x0000000700000000, 0x0000000800000000)
  region size 2048K, 17 young (34816K), 3 survivors (6144K)
 Metaspace       used 52795K, committed 53376K, reserved 1097728K
  class space    used 7232K, committed 7488K, reserved 1048576K
}
Event: 28.834 GC heap after
{Heap after GC invocations=30 (full 0):
 garbage-first heap   total 133120K, used 74144K [0x0000000700000000, 0x0000000800000000)
  region size 2048K, 2 young (4096K), 2 survivors (4096K)
 Metaspace       used 52795K, committed 53376K, reserved 1097728K
  class space    used 7232K, committed 7488K, reserved 1048576K
}
Event: 29.045 GC heap before
{Heap before GC invocations=30 (full 0):
 garbage-first heap   total 133120K, used 104864K [0x0000000700000000, 0x0000000800000000)
  region size 2048K, 17 young (34816K), 2 survivors (4096K)
 Metaspace       used 52817K, committed 53376K, reserved 1097728K
  class space    used 7234K, committed 7488K, reserved 1048576K
}

