# JRE version: Java(TM) SE Runtime Environment (17.0.6+9) (build 17.0.6+9-LTS-190)
# Java VM: Java HotSpot(TM) 64-Bit Server VM (17.0.6+9-LTS-190, mixed mode, sharing, tiered, compressed oops, compressed class ptrs, g1 gc, windows-amd64)
GC Precious Log:
 CPUs: 8 total, 8 available
 Memory: 6030M
 Large Page Support: Disabled
 NUMA Support: Disabled
 Compressed Oops: Enabled (Zero based)
 Heap Region Size: 2M
 Heap Min Capacity: 8M
 Heap Initial Capacity: 96M
 Heap Max Capacity: 4G
 Pre-touch: Disabled
 Parallel Workers: 8
 Concurrent Workers: 2
 Concurrent Refinement Workers: 8
 Periodic GC: Disabled
Heap:
 garbage-first heap   total 133120K, used 82258K [0x0000000700000000, 0x0000000800000000)
  region size 2048K, 8 young (16384K), 1 survivors (2048K)
 Metaspace       used 52821K, committed 53440K, reserved 1097728K
  class space    used 7249K, committed 7552K, reserved 1048576K
GC Heap History (20 events):
Event: 27.582 GC heap before
{Heap before GC invocations=16 (full 0):
 garbage-first heap   total 96256K, used 73187K [0x0000000700000000, 0x0000000800000000)
  region size 2048K, 17 young (34816K), 3 survivors (6144K)
 Metaspace       used 50855K, committed 51456K, reserved 1097728K
  class space    used 7002K, committed 7296K, reserved 1048576K
}
Event: 27.596 GC heap after
{Heap after GC invocations=17 (full 0):
 garbage-first heap   total 96256K, used 48442K [0x0000000700000000, 0x0000000800000000)
  region size 2048K, 1 young (2048K), 1 survivors (2048K)
 Metaspace       used 50855K, committed 51456K, reserved 1097728K
  class space    used 7002K, committed 7296K, reserved 1048576K
}
Event: 29.200 GC heap before
{Heap before GC invocations=17 (full 0):
 garbage-first heap   total 96256K, used 73018K [0x0000000700000000, 0x0000000800000000)
  region size 2048K, 14 young (28672K), 1 survivors (2048K)
 Metaspace       used 51120K, committed 51712K, reserved 1097728K
  class space    used 7008K, committed 7296K, reserved 1048576K
}
Event: 29.205 GC heap after
{Heap after GC invocations=18 (full 0):
 garbage-first heap   total 96256K, used 48778K [0x0000000700000000, 0x0000000800000000)
  region size 2048K, 2 young (4096K), 2 survivors (4096K)
 Metaspace       used 51120K, committed 51712K, reserved 1097728K
  class space    used 7008K, committed 7296K, reserved 1048576K
}
Event: 30.331 GC heap before
{Heap before GC invocations=19 (full 0):
 garbage-first heap   total 96256K, used 75402K [0x0000000700000000, 0x0000000800000000)
  region size 2048K, 15 young (30720K), 2 survivors (4096K)
 Metaspace       used 51197K, committed 51776K, reserved 1097728K
  class space    used 7027K, committed 7296K, reserved 1048576K
}
Event: 30.337 GC heap after
{Heap after GC invocations=20 (full 0):
 garbage-first heap   total 96256K, used 49305K [0x0000000700000000, 0x0000000800000000)
  region size 2048K, 2 young (4096K), 2 survivors (4096K)
 Metaspace       used 51197K, committed 51776K, reserved 1097728K
  class space    used 7027K, committed 7296K, reserved 1048576K
}
Event: 31.610 GC heap before
{Heap before GC invocations=20 (full 0):
 garbage-first heap   total 96256K, used 75929K [0x0000000700000000, 0x0000000800000000)
  region size 2048K, 15 young (30720K), 2 survivors (4096K)
 Metaspace       used 51566K, committed 52160K, reserved 1097728K
  class space    used 7108K, committed 7360K, reserved 1048576K
}
Event: 31.620 GC heap after
{Heap after GC invocations=21 (full 0):
 garbage-first heap   total 96256K, used 50194K [0x0000000700000000, 0x0000000800000000)
  region size 2048K, 2 young (4096K), 2 survivors (4096K)
 Metaspace       used 51566K, committed 52160K, reserved 1097728K
  class space    used 7108K, committed 7360K, reserved 1048576K
}
Event: 32.487 GC heap before
{Heap before GC invocations=22 (full 0):
 garbage-first heap   total 96256K, used 74770K [0x0000000700000000, 0x0000000800000000)
  region size 2048K, 15 young (30720K), 2 survivors (4096K)
 Metaspace       used 52090K, committed 52736K, reserved 1097728K
  class space    used 7195K, committed 7488K, reserved 1048576K
}
Event: 32.499 GC heap after
{Heap after GC invocations=23 (full 0):
 garbage-first heap   total 96256K, used 54236K [0x0000000700000000, 0x0000000800000000)
  region size 2048K, 2 young (4096K), 2 survivors (4096K)
 Metaspace       used 52090K, committed 52736K, reserved 1097728K
  class space    used 7195K, committed 7488K, reserved 1048576K
}
Event: 32.946 GC heap before
{Heap before GC invocations=23 (full 0):
 garbage-first heap   total 96256K, used 72668K [0x0000000700000000, 0x0000000800000000)
  region size 2048K, 12 young (24576K), 2 survivors (4096K)
 Metaspace       used 52548K, committed 53056K, reserved 1097728K
  class space    used 7245K, committed 7488K, reserved 1048576K
}
Event: 32.958 GC heap after
{Heap after GC invocations=24 (full 0):
 garbage-first heap   total 96256K, used 57267K [0x0000000700000000, 0x0000000800000000)
  region size 2048K, 2 young (4096K), 2 survivors (4096K)
 Metaspace       used 52548K, committed 53056K, reserved 1097728K
  class space    used 7245K, committed 7488K, reserved 1048576K
}
Event: 34.499 GC heap before
{Heap before GC invocations=25 (full 0):
 garbage-first heap   total 106496K, used 71603K [0x0000000700000000, 0x0000000800000000)
  region size 2048K, 10 young (20480K), 2 survivors (4096K)
 Metaspace       used 52725K, committed 53312K, reserved 1097728K
  class space    used 7246K, committed 7488K, reserved 1048576K
}
Event: 34.508 GC heap after
{Heap after GC invocations=26 (full 0):
 garbage-first heap   total 106496K, used 59716K [0x0000000700000000, 0x0000000800000000)
  region size 2048K, 2 young (4096K), 2 survivors (4096K)
 Metaspace       used 52725K, committed 53312K, reserved 1097728K
  class space    used 7246K, committed 7488K, reserved 1048576K
}
Event: 35.308 GC heap before
{Heap before GC invocations=26 (full 0):
 garbage-first heap   total 106496K, used 80196K [0x0000000700000000, 0x0000000800000000)
  region size 2048K, 12 young (24576K), 2 survivors (4096K)
 Metaspace       used 52735K, committed 53312K, reserved 1097728K
  class space    used 7246K, committed 7488K, reserved 1048576K
}
Event: 35.980 GC heap after
{Heap after GC invocations=27 (full 0):
 garbage-first heap   total 106496K, used 64760K [0x0000000700000000, 0x0000000800000000)
  region size 2048K, 2 young (4096K), 2 survivors (4096K)
 Metaspace       used 52735K, committed 53312K, reserved 1097728K
  class space    used 7246K, committed 7488K, reserved 1048576K
}
Event: 36.193 GC heap before
{Heap before GC invocations=28 (full 0):
 garbage-first heap   total 131072K, used 81144K [0x0000000700000000, 0x0000000800000000)
  region size 2048K, 10 young (20480K), 2 survivors (4096K)
 Metaspace       used 52749K, committed 53312K, reserved 1097728K
  class space    used 7246K, committed 7488K, reserved 1048576K
}
Event: 36.206 GC heap after
{Heap after GC invocations=29 (full 0):
 garbage-first heap   total 131072K, used 68416K [0x0000000700000000, 0x0000000800000000)
  region size 2048K, 2 young (4096K), 2 survivors (4096K)
 Metaspace       used 52749K, committed 53312K, reserved 1097728K
  class space    used 7246K, committed 7488K, reserved 1048576K
}
Event: 38.726 GC heap before
{Heap before GC invocations=29 (full 0):
 garbage-first heap   total 131072K, used 92992K [0x0000000700000000, 0x0000000800000000)
  region size 2048K, 15 young (30720K), 2 survivors (4096K)
 Metaspace       used 52790K, committed 53376K, reserved 1097728K
  class space    used 7249K, committed 7552K, reserved 1048576K
}
Event: 38.737 GC heap after
{Heap after GC invocations=30 (full 0):
 garbage-first heap   total 131072K, used 71472K [0x0000000700000000, 0x0000000800000000)
  region size 2048K, 2 young (4096K), 2 survivors (4096K)
 Metaspace       used 52790K, committed 53376K, reserved 1097728K
  class space    used 7249K, committed 7552K, reserved 1048576K
}

