# JRE version: Java(TM) SE Runtime Environment (17.0.6+9) (build 17.0.6+9-LTS-190)
# Java VM: Java HotSpot(TM) 64-Bit Server VM (17.0.6+9-LTS-190, mixed mode, sharing, tiered, compressed oops, compressed class ptrs, g1 gc, windows-amd64)
GC Precious Log:
 CPUs: 8 total, 8 available
 Memory: 6030M
 Large Page Support: Disabled
 NUMA Support: Disabled
 Compressed Oops: Enabled (Zero based)
 Heap Region Size: 2M
 Heap Min Capacity: 256M
 Heap Initial Capacity: 256M
 Heap Max Capacity: 4G
 Pre-touch: Disabled
 Parallel Workers: 8
 Concurrent Workers: 2
 Concurrent Refinement Workers: 8
 Periodic GC: Disabled
Heap:
 garbage-first heap   total 573440K, used 228807K [0x0000000700000000, 0x0000000800000000)
  region size 2048K, 56 young (114688K), 8 survivors (16384K)
 Metaspace       used 93309K, committed 94656K, reserved 397312K
  class space    used 12393K, committed 13056K, reserved 315392K
GC Heap History (20 events):
Event: 472.724 GC heap before
{Heap before GC invocations=32 (full 0):
 garbage-first heap   total 573440K, used 452630K [0x0000000700000000, 0x0000000800000000)
  region size 2048K, 168 young (344064K), 8 survivors (16384K)
 Metaspace       used 81035K, committed 82304K, reserved 389120K
  class space    used 11052K, committed 11648K, reserved 315392K
}
Event: 472.748 GC heap after
{Heap after GC invocations=33 (full 0):
 garbage-first heap   total 573440K, used 124654K [0x0000000700000000, 0x0000000800000000)
  region size 2048K, 8 young (16384K), 8 survivors (16384K)
 Metaspace       used 81035K, committed 82304K, reserved 389120K
  class space    used 11052K, committed 11648K, reserved 315392K
}
Event: 481.394 GC heap before
{Heap before GC invocations=33 (full 0):
 garbage-first heap   total 573440K, used 452334K [0x0000000700000000, 0x0000000800000000)
  region size 2048K, 168 young (344064K), 8 survivors (16384K)
 Metaspace       used 81336K, committed 82624K, reserved 389120K
  class space    used 11058K, committed 11648K, reserved 315392K
}
Event: 481.411 GC heap after
{Heap after GC invocations=34 (full 0):
 garbage-first heap   total 573440K, used 125522K [0x0000000700000000, 0x0000000800000000)
  region size 2048K, 8 young (16384K), 8 survivors (16384K)
 Metaspace       used 81336K, committed 82624K, reserved 389120K
  class space    used 11058K, committed 11648K, reserved 315392K
}
Event: 595.805 GC heap before
{Heap before GC invocations=34 (full 0):
 garbage-first heap   total 573440K, used 451154K [0x0000000700000000, 0x0000000800000000)
  region size 2048K, 168 young (344064K), 8 survivors (16384K)
 Metaspace       used 81568K, committed 82816K, reserved 389120K
  class space    used 11059K, committed 11648K, reserved 315392K
}
Event: 595.968 GC heap after
{Heap after GC invocations=35 (full 0):
 garbage-first heap   total 573440K, used 122926K [0x0000000700000000, 0x0000000800000000)
  region size 2048K, 7 young (14336K), 7 survivors (14336K)
 Metaspace       used 81568K, committed 82816K, reserved 389120K
  class space    used 11059K, committed 11648K, reserved 315392K
}
Event: 619.388 GC heap before
{Heap before GC invocations=35 (full 0):
 garbage-first heap   total 573440K, used 450606K [0x0000000700000000, 0x0000000800000000)
  region size 2048K, 168 young (344064K), 7 survivors (14336K)
 Metaspace       used 81753K, committed 83072K, reserved 389120K
  class space    used 11059K, committed 11648K, reserved 315392K
}
Event: 619.462 GC heap after
{Heap after GC invocations=36 (full 0):
 garbage-first heap   total 573440K, used 125175K [0x0000000700000000, 0x0000000800000000)
  region size 2048K, 8 young (16384K), 8 survivors (16384K)
 Metaspace       used 81753K, committed 83072K, reserved 389120K
  class space    used 11059K, committed 11648K, reserved 315392K
}
Event: 627.914 GC heap before
{Heap before GC invocations=36 (full 0):
 garbage-first heap   total 573440K, used 452855K [0x0000000700000000, 0x0000000800000000)
  region size 2048K, 168 young (344064K), 8 survivors (16384K)
 Metaspace       used 81884K, committed 83136K, reserved 389120K
  class space    used 11059K, committed 11648K, reserved 315392K
}
Event: 627.960 GC heap after
{Heap after GC invocations=37 (full 0):
 garbage-first heap   total 573440K, used 124291K [0x0000000700000000, 0x0000000800000000)
  region size 2048K, 4 young (8192K), 4 survivors (8192K)
 Metaspace       used 81884K, committed 83136K, reserved 389120K
  class space    used 11059K, committed 11648K, reserved 315392K
}
Event: 633.987 GC heap before
{Heap before GC invocations=37 (full 0):
 garbage-first heap   total 573440K, used 458115K [0x0000000700000000, 0x0000000800000000)
  region size 2048K, 168 young (344064K), 4 survivors (8192K)
 Metaspace       used 81959K, committed 83200K, reserved 389120K
  class space    used 11059K, committed 11648K, reserved 315392K
}
Event: 634.078 GC heap after
{Heap after GC invocations=38 (full 0):
 garbage-first heap   total 573440K, used 124995K [0x0000000700000000, 0x0000000800000000)
  region size 2048K, 4 young (8192K), 4 survivors (8192K)
 Metaspace       used 81959K, committed 83200K, reserved 389120K
  class space    used 11059K, committed 11648K, reserved 315392K
}
Event: 639.235 GC heap before
{Heap before GC invocations=38 (full 0):
 garbage-first heap   total 573440K, used 460867K [0x0000000700000000, 0x0000000800000000)
  region size 2048K, 168 young (344064K), 4 survivors (8192K)
 Metaspace       used 82058K, committed 83328K, reserved 389120K
  class space    used 11059K, committed 11648K, reserved 315392K
}
Event: 639.252 GC heap after
{Heap after GC invocations=39 (full 0):
 garbage-first heap   total 573440K, used 125638K [0x0000000700000000, 0x0000000800000000)
  region size 2048K, 4 young (8192K), 4 survivors (8192K)
 Metaspace       used 82058K, committed 83328K, reserved 389120K
  class space    used 11059K, committed 11648K, reserved 315392K
}
Event: 642.912 GC heap before
{Heap before GC invocations=39 (full 0):
 garbage-first heap   total 573440K, used 459462K [0x0000000700000000, 0x0000000800000000)
  region size 2048K, 168 young (344064K), 4 survivors (8192K)
 Metaspace       used 82133K, committed 83392K, reserved 389120K
  class space    used 11059K, committed 11648K, reserved 315392K
}
Event: 642.930 GC heap after
{Heap after GC invocations=40 (full 0):
 garbage-first heap   total 573440K, used 125580K [0x0000000700000000, 0x0000000800000000)
  region size 2048K, 4 young (8192K), 4 survivors (8192K)
 Metaspace       used 82133K, committed 83392K, reserved 389120K
  class space    used 11059K, committed 11648K, reserved 315392K
}
Event: 647.155 GC heap before
{Heap before GC invocations=40 (full 0):
 garbage-first heap   total 573440K, used 461452K [0x0000000700000000, 0x0000000800000000)
  region size 2048K, 168 young (344064K), 4 survivors (8192K)
 Metaspace       used 82198K, committed 83456K, reserved 389120K
  class space    used 11059K, committed 11648K, reserved 315392K
}
Event: 647.174 GC heap after
{Heap after GC invocations=41 (full 0):
 garbage-first heap   total 573440K, used 125052K [0x0000000700000000, 0x0000000800000000)
  region size 2048K, 4 young (8192K), 4 survivors (8192K)
 Metaspace       used 82198K, committed 83456K, reserved 389120K
  class space    used 11059K, committed 11648K, reserved 315392K
}
Event: 878.570 GC heap before
{Heap before GC invocations=41 (full 0):
 garbage-first heap   total 573440K, used 458876K [0x0000000700000000, 0x0000000800000000)
  region size 2048K, 168 young (344064K), 4 survivors (8192K)
 Metaspace       used 93040K, committed 94400K, reserved 397312K
  class space    used 12390K, committed 13056K, reserved 315392K
}
Event: 878.794 GC heap after
{Heap after GC invocations=42 (full 0):
 garbage-first heap   total 573440K, used 132551K [0x0000000700000000, 0x0000000800000000)
  region size 2048K, 8 young (16384K), 8 survivors (16384K)
 Metaspace       used 93040K, committed 94400K, reserved 397312K
  class space    used 12390K, committed 13056K, reserved 315392K
}

