# JRE version: Java(TM) SE Runtime Environment (17.0.6+9) (build 17.0.6+9-LTS-190)
# Java VM: Java HotSpot(TM) 64-Bit Server VM (17.0.6+9-LTS-190, mixed mode, sharing, tiered, compressed oops, compressed class ptrs, g1 gc, windows-amd64)
GC Precious Log:
 CPUs: 8 total, 8 available
 Memory: 6030M
 Large Page Support: Disabled
 NUMA Support: Disabled
 Compressed Oops: Enabled (Zero based)
 Heap Region Size: 2M
 Heap Min Capacity: 8M
 Heap Initial Capacity: 96M
 Heap Max Capacity: 4G
 Pre-touch: Disabled
 Parallel Workers: 8
 Concurrent Workers: 2
 Concurrent Refinement Workers: 8
 Periodic GC: Disabled
Heap:
 garbage-first heap   total 106496K, used 61690K [0x0000000700000000, 0x0000000800000000)
  region size 2048K, 1 young (2048K), 1 survivors (2048K)
 Metaspace       used 52527K, committed 53120K, reserved 1097728K
  class space    used 7236K, committed 7488K, reserved 1048576K
GC Heap History (20 events):
Event: 19.131 GC heap after
{Heap after GC invocations=15 (full 0):
 garbage-first heap   total 96256K, used 40750K [0x0000000700000000, 0x0000000800000000)
  region size 2048K, 2 young (4096K), 2 survivors (4096K)
 Metaspace       used 46081K, committed 46720K, reserved 1089536K
  class space    used 6352K, committed 6656K, reserved 1048576K
}
Event: 21.016 GC heap before
{Heap before GC invocations=15 (full 0):
 garbage-first heap   total 96256K, used 75566K [0x0000000700000000, 0x0000000800000000)
  region size 2048K, 19 young (38912K), 2 survivors (4096K)
 Metaspace       used 49158K, committed 49728K, reserved 1097728K
  class space    used 6786K, committed 7040K, reserved 1048576K
}
Event: 21.029 GC heap after
{Heap after GC invocations=16 (full 0):
 garbage-first heap   total 96256K, used 43244K [0x0000000700000000, 0x0000000800000000)
  region size 2048K, 3 young (6144K), 3 survivors (6144K)
 Metaspace       used 49158K, committed 49728K, reserved 1097728K
  class space    used 6786K, committed 7040K, reserved 1048576K
}
Event: 22.889 GC heap before
{Heap before GC invocations=16 (full 0):
 garbage-first heap   total 96256K, used 73964K [0x0000000700000000, 0x0000000800000000)
  region size 2048K, 19 young (38912K), 3 survivors (6144K)
 Metaspace       used 50448K, committed 51072K, reserved 1097728K
  class space    used 6948K, committed 7232K, reserved 1048576K
}
Event: 22.900 GC heap after
{Heap after GC invocations=17 (full 0):
 garbage-first heap   total 96256K, used 46566K [0x0000000700000000, 0x0000000800000000)
  region size 2048K, 3 young (6144K), 3 survivors (6144K)
 Metaspace       used 50448K, committed 51072K, reserved 1097728K
  class space    used 6948K, committed 7232K, reserved 1048576K
}
Event: 23.982 GC heap before
{Heap before GC invocations=17 (full 0):
 garbage-first heap   total 96256K, used 75238K [0x0000000700000000, 0x0000000800000000)
  region size 2048K, 18 young (36864K), 3 survivors (6144K)
 Metaspace       used 50971K, committed 51520K, reserved 1097728K
  class space    used 6988K, committed 7232K, reserved 1048576K
}
Event: 23.990 GC heap after
{Heap after GC invocations=18 (full 0):
 garbage-first heap   total 96256K, used 47735K [0x0000000700000000, 0x0000000800000000)
  region size 2048K, 1 young (2048K), 1 survivors (2048K)
 Metaspace       used 50971K, committed 51520K, reserved 1097728K
  class space    used 6988K, committed 7232K, reserved 1048576K
}
Event: 24.763 GC heap before
{Heap before GC invocations=18 (full 0):
 garbage-first heap   total 96256K, used 76407K [0x0000000700000000, 0x0000000800000000)
  region size 2048K, 15 young (30720K), 1 survivors (2048K)
 Metaspace       used 51096K, committed 51584K, reserved 1097728K
  class space    used 6988K, committed 7232K, reserved 1048576K
}
Event: 24.767 GC heap after
{Heap after GC invocations=19 (full 0):
 garbage-first heap   total 96256K, used 48291K [0x0000000700000000, 0x0000000800000000)
  region size 2048K, 2 young (4096K), 2 survivors (4096K)
 Metaspace       used 51096K, committed 51584K, reserved 1097728K
  class space    used 6988K, committed 7232K, reserved 1048576K
}
Event: 25.603 GC heap before
{Heap before GC invocations=20 (full 0):
 garbage-first heap   total 96256K, used 74915K [0x0000000700000000, 0x0000000800000000)
  region size 2048K, 16 young (32768K), 2 survivors (4096K)
 Metaspace       used 51206K, committed 51776K, reserved 1097728K
  class space    used 7027K, committed 7296K, reserved 1048576K
}
Event: 25.611 GC heap after
{Heap after GC invocations=21 (full 0):
 garbage-first heap   total 96256K, used 49001K [0x0000000700000000, 0x0000000800000000)
  region size 2048K, 2 young (4096K), 2 survivors (4096K)
 Metaspace       used 51206K, committed 51776K, reserved 1097728K
  class space    used 7027K, committed 7296K, reserved 1048576K
}
Event: 25.650 GC heap before
{Heap before GC invocations=21 (full 0):
 garbage-first heap   total 96256K, used 51049K [0x0000000700000000, 0x0000000800000000)
  region size 2048K, 3 young (6144K), 2 survivors (4096K)
 Metaspace       used 51215K, committed 51776K, reserved 1097728K
  class space    used 7030K, committed 7296K, reserved 1048576K
}
Event: 25.662 GC heap after
{Heap after GC invocations=22 (full 0):
 garbage-first heap   total 96256K, used 49031K [0x0000000700000000, 0x0000000800000000)
  region size 2048K, 1 young (2048K), 1 survivors (2048K)
 Metaspace       used 51215K, committed 51776K, reserved 1097728K
  class space    used 7030K, committed 7296K, reserved 1048576K
}
Event: 26.174 GC heap before
{Heap before GC invocations=22 (full 0):
 garbage-first heap   total 96256K, used 75655K [0x0000000700000000, 0x0000000800000000)
  region size 2048K, 15 young (30720K), 1 survivors (2048K)
 Metaspace       used 51645K, committed 52224K, reserved 1097728K
  class space    used 7122K, committed 7424K, reserved 1048576K
}
Event: 26.185 GC heap after
{Heap after GC invocations=23 (full 0):
 garbage-first heap   total 96256K, used 54476K [0x0000000700000000, 0x0000000800000000)
  region size 2048K, 2 young (4096K), 2 survivors (4096K)
 Metaspace       used 51645K, committed 52224K, reserved 1097728K
  class space    used 7122K, committed 7424K, reserved 1048576K
}
Event: 26.436 GC heap before
{Heap before GC invocations=24 (full 0):
 garbage-first heap   total 106496K, used 74956K [0x0000000700000000, 0x0000000800000000)
  region size 2048K, 13 young (26624K), 2 survivors (4096K)
 Metaspace       used 52267K, committed 52864K, reserved 1097728K
  class space    used 7216K, committed 7488K, reserved 1048576K
}
Event: 26.452 GC heap after
{Heap after GC invocations=25 (full 0):
 garbage-first heap   total 106496K, used 61440K [0x0000000700000000, 0x0000000800000000)
  region size 2048K, 2 young (4096K), 2 survivors (4096K)
 Metaspace       used 52267K, committed 52864K, reserved 1097728K
  class space    used 7216K, committed 7488K, reserved 1048576K
}
Event: 26.484 GC heap before
{Heap before GC invocations=25 (full 0):
 garbage-first heap   total 106496K, used 63488K [0x0000000700000000, 0x0000000800000000)
  region size 2048K, 3 young (6144K), 2 survivors (4096K)
 Metaspace       used 52337K, committed 52864K, reserved 1097728K
  class space    used 7228K, committed 7488K, reserved 1048576K
}
Event: 26.498 GC heap after
{Heap after GC invocations=26 (full 0):
 garbage-first heap   total 106496K, used 61576K [0x0000000700000000, 0x0000000800000000)
  region size 2048K, 1 young (2048K), 1 survivors (2048K)
 Metaspace       used 52337K, committed 52864K, reserved 1097728K
  class space    used 7228K, committed 7488K, reserved 1048576K
}
Event: 26.764 GC heap before
{Heap before GC invocations=26 (full 0):
 garbage-first heap   total 106496K, used 80008K [0x0000000700000000, 0x0000000800000000)
  region size 2048K, 10 young (20480K), 1 survivors (2048K)
 Metaspace       used 52527K, committed 53120K, reserved 1097728K
  class space    used 7236K, committed 7488K, reserved 1048576K
}

