# JRE version: OpenJDK Runtime Environment Temurin-21.0.8+9 (21.0.8+9) (build 21.0.8+9-LTS)
# Java VM: OpenJDK 64-Bit Server VM Temurin-21.0.8+9 (21.0.8+9-LTS, mixed mode, sharing, tiered, compressed oops, compressed class ptrs, parallel gc, windows-amd64)
GC Precious Log:
 CardTable entry size: 512
 CPUs: 8 total, 8 available
 Memory: 6030M
 Large Page Support: Disabled
 NUMA Support: Disabled
 Compressed Oops: Enabled (Zero based)
 Alignments: Space 512K, Generation 512K, Heap 2M
 Heap Min Capacity: 100M
 Heap Initial Capacity: 100M
 Heap Max Capacity: 4G
 Pre-touch: Disabled
 Parallel Workers: 8
Heap:
 PSYoungGen      total 5120K, used 4151K [0x00000007aab00000, 0x00000007ab100000, 0x0000000800000000)
  eden space 4608K, 85% used [0x00000007aab00000,0x00000007aaeddf38,0x00000007aaf80000)
  from space 512K, 37% used [0x00000007ab080000,0x00000007ab0b0000,0x00000007ab100000)
  to   space 512K, 0% used [0x00000007ab000000,0x00000007ab000000,0x00000007ab080000)
 ParOldGen       total 1532928K, used 1532449K [0x0000000700000000, 0x000000075d900000, 0x00000007aab00000)
  object space 1532928K, 99% used [0x0000000700000000,0x000000075d8886c8,0x000000075d900000)
 Metaspace       used 80615K, committed 82368K, reserved 1179648K
  class space    used 9798K, committed 10624K, reserved 1048576K
GC Heap History (20 events):
Event: 5195.436 GC heap before
{Heap before GC invocations=2454 (full 3):
 PSYoungGen      total 5120K, used 4800K [0x00000007aab00000, 0x00000007ab100000, 0x0000000800000000)
  eden space 4608K, 100% used [0x00000007aab00000,0x00000007aaf80000,0x00000007aaf80000)
  from space 512K, 37% used [0x00000007ab080000,0x00000007ab0b0000,0x00000007ab100000)
  to   space 512K, 0% used [0x00000007ab000000,0x00000007ab000000,0x00000007ab080000)
 ParOldGen       total 1532416K, used 1532105K [0x0000000700000000, 0x000000075d880000, 0x00000007aab00000)
  object space 1532416K, 99% used [0x0000000700000000,0x000000075d8326c8,0x000000075d880000)
 Metaspace       used 80349K, committed 81984K, reserved 1179648K
  class space    used 9786K, committed 10560K, reserved 1048576K
}
Event: 5195.443 GC heap after
{Heap after GC invocations=2454 (full 3):
 PSYoungGen      total 5120K, used 224K [0x00000007aab00000, 0x00000007ab100000, 0x0000000800000000)
  eden space 4608K, 0% used [0x00000007aab00000,0x00000007aab00000,0x00000007aaf80000)
  from space 512K, 43% used [0x00000007ab000000,0x00000007ab038000,0x00000007ab080000)
  to   space 512K, 0% used [0x00000007ab080000,0x00000007ab080000,0x00000007ab100000)
 ParOldGen       total 1532416K, used 1532137K [0x0000000700000000, 0x000000075d880000, 0x00000007aab00000)
  object space 1532416K, 99% used [0x0000000700000000,0x000000075d83a6c8,0x000000075d880000)
 Metaspace       used 80349K, committed 81984K, reserved 1179648K
  class space    used 9786K, committed 10560K, reserved 1048576K
}
Event: 5195.589 GC heap before
{Heap before GC invocations=2455 (full 3):
 PSYoungGen      total 5120K, used 4832K [0x00000007aab00000, 0x00000007ab100000, 0x0000000800000000)
  eden space 4608K, 100% used [0x00000007aab00000,0x00000007aaf80000,0x00000007aaf80000)
  from space 512K, 43% used [0x00000007ab000000,0x00000007ab038000,0x00000007ab080000)
  to   space 512K, 0% used [0x00000007ab080000,0x00000007ab080000,0x00000007ab100000)
 ParOldGen       total 1532416K, used 1532137K [0x0000000700000000, 0x000000075d880000, 0x00000007aab00000)
  object space 1532416K, 99% used [0x0000000700000000,0x000000075d83a6c8,0x000000075d880000)
 Metaspace       used 80352K, committed 81984K, reserved 1179648K
  class space    used 9786K, committed 10560K, reserved 1048576K
}
Event: 5195.595 GC heap after
{Heap after GC invocations=2455 (full 3):
 PSYoungGen      total 5120K, used 128K [0x00000007aab00000, 0x00000007ab100000, 0x0000000800000000)
  eden space 4608K, 0% used [0x00000007aab00000,0x00000007aab00000,0x00000007aaf80000)
  from space 512K, 25% used [0x00000007ab080000,0x00000007ab0a0000,0x00000007ab100000)
  to   space 512K, 0% used [0x00000007ab000000,0x00000007ab000000,0x00000007ab080000)
 ParOldGen       total 1532416K, used 1532169K [0x0000000700000000, 0x000000075d880000, 0x00000007aab00000)
  object space 1532416K, 99% used [0x0000000700000000,0x000000075d8426c8,0x000000075d880000)
 Metaspace       used 80352K, committed 81984K, reserved 1179648K
  class space    used 9786K, committed 10560K, reserved 1048576K
}
Event: 5195.725 GC heap before
{Heap before GC invocations=2456 (full 3):
 PSYoungGen      total 5120K, used 4736K [0x00000007aab00000, 0x00000007ab100000, 0x0000000800000000)
  eden space 4608K, 100% used [0x00000007aab00000,0x00000007aaf80000,0x00000007aaf80000)
  from space 512K, 25% used [0x00000007ab080000,0x00000007ab0a0000,0x00000007ab100000)
  to   space 512K, 0% used [0x00000007ab000000,0x00000007ab000000,0x00000007ab080000)
 ParOldGen       total 1532416K, used 1532169K [0x0000000700000000, 0x000000075d880000, 0x00000007aab00000)
  object space 1532416K, 99% used [0x0000000700000000,0x000000075d8426c8,0x000000075d880000)
 Metaspace       used 80360K, committed 81984K, reserved 1179648K
  class space    used 9786K, committed 10560K, reserved 1048576K
}
Event: 5195.729 GC heap after
{Heap after GC invocations=2456 (full 3):
 PSYoungGen      total 5120K, used 192K [0x00000007aab00000, 0x00000007ab100000, 0x0000000800000000)
  eden space 4608K, 0% used [0x00000007aab00000,0x00000007aab00000,0x00000007aaf80000)
  from space 512K, 37% used [0x00000007ab000000,0x00000007ab030000,0x00000007ab080000)
  to   space 512K, 0% used [0x00000007ab080000,0x00000007ab080000,0x00000007ab100000)
 ParOldGen       total 1532416K, used 1532185K [0x0000000700000000, 0x000000075d880000, 0x00000007aab00000)
  object space 1532416K, 99% used [0x0000000700000000,0x000000075d8466c8,0x000000075d880000)
 Metaspace       used 80360K, committed 81984K, reserved 1179648K
  class space    used 9786K, committed 10560K, reserved 1048576K
}
Event: 5195.841 GC heap before
{Heap before GC invocations=2457 (full 3):
 PSYoungGen      total 5120K, used 4800K [0x00000007aab00000, 0x00000007ab100000, 0x0000000800000000)
  eden space 4608K, 100% used [0x00000007aab00000,0x00000007aaf80000,0x00000007aaf80000)
  from space 512K, 37% used [0x00000007ab000000,0x00000007ab030000,0x00000007ab080000)
  to   space 512K, 0% used [0x00000007ab080000,0x00000007ab080000,0x00000007ab100000)
 ParOldGen       total 1532416K, used 1532185K [0x0000000700000000, 0x000000075d880000, 0x00000007aab00000)
  object space 1532416K, 99% used [0x0000000700000000,0x000000075d8466c8,0x000000075d880000)
 Metaspace       used 80376K, committed 82112K, reserved 1179648K
  class space    used 9789K, committed 10624K, reserved 1048576K
}
Event: 5195.847 GC heap after
{Heap after GC invocations=2457 (full 3):
 PSYoungGen      total 5120K, used 192K [0x00000007aab00000, 0x00000007ab100000, 0x0000000800000000)
  eden space 4608K, 0% used [0x00000007aab00000,0x00000007aab00000,0x00000007aaf80000)
  from space 512K, 37% used [0x00000007ab080000,0x00000007ab0b0000,0x00000007ab100000)
  to   space 512K, 0% used [0x00000007ab000000,0x00000007ab000000,0x00000007ab080000)
 ParOldGen       total 1532416K, used 1532217K [0x0000000700000000, 0x000000075d880000, 0x00000007aab00000)
  object space 1532416K, 99% used [0x0000000700000000,0x000000075d84e6c8,0x000000075d880000)
 Metaspace       used 80376K, committed 82112K, reserved 1179648K
  class space    used 9789K, committed 10624K, reserved 1048576K
}
Event: 5195.993 GC heap before
{Heap before GC invocations=2458 (full 3):
 PSYoungGen      total 5120K, used 4800K [0x00000007aab00000, 0x00000007ab100000, 0x0000000800000000)
  eden space 4608K, 100% used [0x00000007aab00000,0x00000007aaf80000,0x00000007aaf80000)
  from space 512K, 37% used [0x00000007ab080000,0x00000007ab0b0000,0x00000007ab100000)
  to   space 512K, 0% used [0x00000007ab000000,0x00000007ab000000,0x00000007ab080000)
 ParOldGen       total 1532416K, used 1532217K [0x0000000700000000, 0x000000075d880000, 0x00000007aab00000)
  object space 1532416K, 99% used [0x0000000700000000,0x000000075d84e6c8,0x000000075d880000)
 Metaspace       used 80382K, committed 82112K, reserved 1179648K
  class space    used 9789K, committed 10624K, reserved 1048576K
}
Event: 5195.999 GC heap after
{Heap after GC invocations=2458 (full 3):
 PSYoungGen      total 5120K, used 160K [0x00000007aab00000, 0x00000007ab100000, 0x0000000800000000)
  eden space 4608K, 0% used [0x00000007aab00000,0x00000007aab00000,0x00000007aaf80000)
  from space 512K, 31% used [0x00000007ab000000,0x00000007ab028000,0x00000007ab080000)
  to   space 512K, 0% used [0x00000007ab080000,0x00000007ab080000,0x00000007ab100000)
 ParOldGen       total 1532416K, used 1532249K [0x0000000700000000, 0x000000075d880000, 0x00000007aab00000)
  object space 1532416K, 99% used [0x0000000700000000,0x000000075d8566c8,0x000000075d880000)
 Metaspace       used 80382K, committed 82112K, reserved 1179648K
  class space    used 9789K, committed 10624K, reserved 1048576K
}
Event: 5210.868 GC heap before
{Heap before GC invocations=2459 (full 3):
 PSYoungGen      total 5120K, used 4768K [0x00000007aab00000, 0x00000007ab100000, 0x0000000800000000)
  eden space 4608K, 100% used [0x00000007aab00000,0x00000007aaf80000,0x00000007aaf80000)
  from space 512K, 31% used [0x00000007ab000000,0x00000007ab028000,0x00000007ab080000)
  to   space 512K, 0% used [0x00000007ab080000,0x00000007ab080000,0x00000007ab100000)
 ParOldGen       total 1532416K, used 1532249K [0x0000000700000000, 0x000000075d880000, 0x00000007aab00000)
  object space 1532416K, 99% used [0x0000000700000000,0x000000075d8566c8,0x000000075d880000)
 Metaspace       used 80419K, committed 82176K, reserved 1179648K
  class space    used 9791K, committed 10624K, reserved 1048576K
}
Event: 5210.893 GC heap after
{Heap after GC invocations=2459 (full 3):
 PSYoungGen      total 5120K, used 224K [0x00000007aab00000, 0x00000007ab100000, 0x0000000800000000)
  eden space 4608K, 0% used [0x00000007aab00000,0x00000007aab00000,0x00000007aaf80000)
  from space 512K, 43% used [0x00000007ab080000,0x00000007ab0b8000,0x00000007ab100000)
  to   space 512K, 0% used [0x00000007ab000000,0x00000007ab000000,0x00000007ab080000)
 ParOldGen       total 1532416K, used 1532273K [0x0000000700000000, 0x000000075d880000, 0x00000007aab00000)
  object space 1532416K, 99% used [0x0000000700000000,0x000000075d85c6c8,0x000000075d880000)
 Metaspace       used 80419K, committed 82176K, reserved 1179648K
  class space    used 9791K, committed 10624K, reserved 1048576K
}
Event: 5229.219 GC heap before
{Heap before GC invocations=2460 (full 3):
 PSYoungGen      total 5120K, used 4832K [0x00000007aab00000, 0x00000007ab100000, 0x0000000800000000)
  eden space 4608K, 100% used [0x00000007aab00000,0x00000007aaf80000,0x00000007aaf80000)
  from space 512K, 43% used [0x00000007ab080000,0x00000007ab0b8000,0x00000007ab100000)
  to   space 512K, 0% used [0x00000007ab000000,0x00000007ab000000,0x00000007ab080000)
 ParOldGen       total 1532416K, used 1532273K [0x0000000700000000, 0x000000075d880000, 0x00000007aab00000)
  object space 1532416K, 99% used [0x0000000700000000,0x000000075d85c6c8,0x000000075d880000)
 Metaspace       used 80456K, committed 82176K, reserved 1179648K
  class space    used 9791K, committed 10624K, reserved 1048576K
}
Event: 5229.271 GC heap after
{Heap after GC invocations=2460 (full 3):
 PSYoungGen      total 5120K, used 224K [0x00000007aab00000, 0x00000007ab100000, 0x0000000800000000)
  eden space 4608K, 0% used [0x00000007aab00000,0x00000007aab00000,0x00000007aaf80000)
  from space 512K, 43% used [0x00000007ab000000,0x00000007ab038000,0x00000007ab080000)
  to   space 512K, 0% used [0x00000007ab080000,0x00000007ab080000,0x00000007ab100000)
 ParOldGen       total 1532416K, used 1532321K [0x0000000700000000, 0x000000075d880000, 0x00000007aab00000)
  object space 1532416K, 99% used [0x0000000700000000,0x000000075d8686c8,0x000000075d880000)
 Metaspace       used 80456K, committed 82176K, reserved 1179648K
  class space    used 9791K, committed 10624K, reserved 1048576K
}
Event: 5308.771 GC heap before
{Heap before GC invocations=2461 (full 3):
 PSYoungGen      total 5120K, used 4832K [0x00000007aab00000, 0x00000007ab100000, 0x0000000800000000)
  eden space 4608K, 100% used [0x00000007aab00000,0x00000007aaf80000,0x00000007aaf80000)
  from space 512K, 43% used [0x00000007ab000000,0x00000007ab038000,0x00000007ab080000)
  to   space 512K, 0% used [0x00000007ab080000,0x00000007ab080000,0x00000007ab100000)
 ParOldGen       total 1532416K, used 1532321K [0x0000000700000000, 0x000000075d880000, 0x00000007aab00000)
  object space 1532416K, 99% used [0x0000000700000000,0x000000075d8686c8,0x000000075d880000)
 Metaspace       used 80475K, committed 82240K, reserved 1179648K
  class space    used 9791K, committed 10624K, reserved 1048576K
}
Event: 5309.230 GC heap after
{Heap after GC invocations=2461 (full 3):
 PSYoungGen      total 5120K, used 192K [0x00000007aab00000, 0x00000007ab100000, 0x0000000800000000)
  eden space 4608K, 0% used [0x00000007aab00000,0x00000007aab00000,0x00000007aaf80000)
  from space 512K, 37% used [0x00000007ab080000,0x00000007ab0b0000,0x00000007ab100000)
  to   space 512K, 0% used [0x00000007ab000000,0x00000007ab000000,0x00000007ab080000)
 ParOldGen       total 1532416K, used 1532369K [0x0000000700000000, 0x000000075d880000, 0x00000007aab00000)
  object space 1532416K, 99% used [0x0000000700000000,0x000000075d8746c8,0x000000075d880000)
 Metaspace       used 80475K, committed 82240K, reserved 1179648K
  class space    used 9791K, committed 10624K, reserved 1048576K
}
Event: 5325.366 GC heap before
{Heap before GC invocations=2462 (full 3):
 PSYoungGen      total 5120K, used 4800K [0x00000007aab00000, 0x00000007ab100000, 0x0000000800000000)
  eden space 4608K, 100% used [0x00000007aab00000,0x00000007aaf80000,0x00000007aaf80000)
  from space 512K, 37% used [0x00000007ab080000,0x00000007ab0b0000,0x00000007ab100000)
  to   space 512K, 0% used [0x00000007ab000000,0x00000007ab000000,0x00000007ab080000)
 ParOldGen       total 1532416K, used 1532369K [0x0000000700000000, 0x000000075d880000, 0x00000007aab00000)
  object space 1532416K, 99% used [0x0000000700000000,0x000000075d8746c8,0x000000075d880000)
 Metaspace       used 80596K, committed 82368K, reserved 1179648K
  class space    used 9798K, committed 10624K, reserved 1048576K
}
Event: 5325.471 GC heap after
{Heap after GC invocations=2462 (full 3):
 PSYoungGen      total 5120K, used 224K [0x00000007aab00000, 0x00000007ab100000, 0x0000000800000000)
  eden space 4608K, 0% used [0x00000007aab00000,0x00000007aab00000,0x00000007aaf80000)
  from space 512K, 43% used [0x00000007ab000000,0x00000007ab038000,0x00000007ab080000)
  to   space 512K, 0% used [0x00000007ab080000,0x00000007ab080000,0x00000007ab100000)
 ParOldGen       total 1532416K, used 1532401K [0x0000000700000000, 0x000000075d880000, 0x00000007aab00000)
  object space 1532416K, 99% used [0x0000000700000000,0x000000075d87c6c8,0x000000075d880000)
 Metaspace       used 80596K, committed 82368K, reserved 1179648K
  class space    used 9798K, committed 10624K, reserved 1048576K
}
Event: 5365.029 GC heap before
{Heap before GC invocations=2463 (full 3):
 PSYoungGen      total 5120K, used 4832K [0x00000007aab00000, 0x00000007ab100000, 0x0000000800000000)
  eden space 4608K, 100% used [0x00000007aab00000,0x00000007aaf80000,0x00000007aaf80000)
  from space 512K, 43% used [0x00000007ab000000,0x00000007ab038000,0x00000007ab080000)
  to   space 512K, 0% used [0x00000007ab080000,0x00000007ab080000,0x00000007ab100000)
 ParOldGen       total 1532416K, used 1532401K [0x0000000700000000, 0x000000075d880000, 0x00000007aab00000)
  object space 1532416K, 99% used [0x0000000700000000,0x000000075d87c6c8,0x000000075d880000)
 Metaspace       used 80601K, committed 82368K, reserved 1179648K
  class space    used 9798K, committed 10624K, reserved 1048576K
}
Event: 5365.542 GC heap after
{Heap after GC invocations=2463 (full 3):
 PSYoungGen      total 5120K, used 192K [0x00000007aab00000, 0x00000007ab100000, 0x0000000800000000)
  eden space 4608K, 0% used [0x00000007aab00000,0x00000007aab00000,0x00000007aaf80000)
  from space 512K, 37% used [0x00000007ab080000,0x00000007ab0b0000,0x00000007ab100000)
  to   space 512K, 0% used [0x00000007ab000000,0x00000007ab000000,0x00000007ab080000)
 ParOldGen       total 1532928K, used 1532449K [0x0000000700000000, 0x000000075d900000, 0x00000007aab00000)
  object space 1532928K, 99% used [0x0000000700000000,0x000000075d8886c8,0x000000075d900000)
 Metaspace       used 80601K, committed 82368K, reserved 1179648K
  class space    used 9798K, committed 10624K, reserved 1048576K
}

