# JRE version: Java(TM) SE Runtime Environment (17.0.6+9) (build 17.0.6+9-LTS-190)
# Java VM: Java HotSpot(TM) 64-Bit Server VM (17.0.6+9-LTS-190, mixed mode, sharing, tiered, compressed oops, compressed class ptrs, g1 gc, windows-amd64)
GC Precious Log:
 CPUs: 8 total, 8 available
 Memory: 6030M
 Large Page Support: Disabled
 NUMA Support: Disabled
 Compressed Oops: Enabled (Zero based)
 Heap Region Size: 2M
 Heap Min Capacity: 8M
 Heap Initial Capacity: 96M
 Heap Max Capacity: 4G
 Pre-touch: Disabled
 Parallel Workers: 8
 Concurrent Workers: 2
 Concurrent Refinement Workers: 8
 Periodic GC: Disabled
Heap:
 garbage-first heap   total 98304K, used 27092K [0x0000000700000000, 0x0000000800000000)
  region size 2048K, 5 young (10240K), 2 survivors (4096K)
 Metaspace       used 18954K, committed 19328K, reserved 1064960K
  class space    used 2752K, committed 2944K, reserved 1048576K
GC Heap History (10 events):
Event: 0.759 GC heap before
{Heap before GC invocations=0 (full 0):
 garbage-first heap   total 98304K, used 22528K [0x0000000700000000, 0x0000000800000000)
  region size 2048K, 11 young (22528K), 0 survivors (0K)
 Metaspace       used 1037K, committed 1152K, reserved 1056768K
  class space    used 73K, committed 128K, reserved 1048576K
}
Event: 0.764 GC heap after
{Heap after GC invocations=1 (full 0):
 garbage-first heap   total 98304K, used 1962K [0x0000000700000000, 0x0000000800000000)
  region size 2048K, 1 young (2048K), 1 survivors (2048K)
 Metaspace       used 1037K, committed 1152K, reserved 1056768K
  class space    used 73K, committed 128K, reserved 1048576K
}
Event: 2.193 GC heap before
{Heap before GC invocations=1 (full 0):
 garbage-first heap   total 98304K, used 42922K [0x0000000700000000, 0x0000000800000000)
  region size 2048K, 19 young (38912K), 1 survivors (2048K)
 Metaspace       used 4398K, committed 4544K, reserved 1056768K
  class space    used 548K, committed 640K, reserved 1048576K
}
Event: 2.207 GC heap after
{Heap after GC invocations=2 (full 0):
 garbage-first heap   total 98304K, used 11656K [0x0000000700000000, 0x0000000800000000)
  region size 2048K, 3 young (6144K), 3 survivors (6144K)
 Metaspace       used 4398K, committed 4544K, reserved 1056768K
  class space    used 548K, committed 640K, reserved 1048576K
}
Event: 2.790 GC heap before
{Heap before GC invocations=2 (full 0):
 garbage-first heap   total 98304K, used 48520K [0x0000000700000000, 0x0000000800000000)
  region size 2048K, 22 young (45056K), 3 survivors (6144K)
 Metaspace       used 4456K, committed 4608K, reserved 1056768K
  class space    used 549K, committed 640K, reserved 1048576K
}
Event: 2.805 GC heap after
{Heap after GC invocations=3 (full 0):
 garbage-first heap   total 98304K, used 16443K [0x0000000700000000, 0x0000000800000000)
  region size 2048K, 3 young (6144K), 3 survivors (6144K)
 Metaspace       used 4456K, committed 4608K, reserved 1056768K
  class space    used 549K, committed 640K, reserved 1048576K
}
Event: 4.482 GC heap before
{Heap before GC invocations=3 (full 0):
 garbage-first heap   total 98304K, used 61499K [0x0000000700000000, 0x0000000800000000)
  region size 2048K, 25 young (51200K), 3 survivors (6144K)
 Metaspace       used 12823K, committed 12992K, reserved 1064960K
  class space    used 1721K, committed 1792K, reserved 1048576K
}
Event: 4.490 GC heap after
{Heap after GC invocations=4 (full 0):
 garbage-first heap   total 98304K, used 20748K [0x0000000700000000, 0x0000000800000000)
  region size 2048K, 3 young (6144K), 3 survivors (6144K)
 Metaspace       used 12823K, committed 12992K, reserved 1064960K
  class space    used 1721K, committed 1792K, reserved 1048576K
}
Event: 6.420 GC heap before
{Heap before GC invocations=4 (full 0):
 garbage-first heap   total 98304K, used 63756K [0x0000000700000000, 0x0000000800000000)
  region size 2048K, 24 young (49152K), 3 survivors (6144K)
 Metaspace       used 18557K, committed 18944K, reserved 1064960K
  class space    used 2679K, committed 2880K, reserved 1048576K
}
Event: 6.429 GC heap after
{Heap after GC invocations=5 (full 0):
 garbage-first heap   total 98304K, used 22996K [0x0000000700000000, 0x0000000800000000)
  region size 2048K, 2 young (4096K), 2 survivors (4096K)
 Metaspace       used 18557K, committed 18944K, reserved 1064960K
  class space    used 2679K, committed 2880K, reserved 1048576K
}

