# JRE version: Java(TM) SE Runtime Environment (17.0.6+9) (build 17.0.6+9-LTS-190)
# Java VM: Java HotSpot(TM) 64-Bit Server VM (17.0.6+9-LTS-190, mixed mode, sharing, tiered, compressed oops, compressed class ptrs, g1 gc, windows-amd64)
GC Precious Log:
 CPUs: 8 total, 8 available
 Memory: 6030M
 Large Page Support: Disabled
 NUMA Support: Disabled
 Compressed Oops: Enabled (Zero based)
 Heap Region Size: 2M
 Heap Min Capacity: 256M
 Heap Initial Capacity: 256M
 Heap Max Capacity: 4G
 Pre-touch: Disabled
 Parallel Workers: 8
 Concurrent Workers: 2
 Concurrent Refinement Workers: 8
 Periodic GC: Disabled
Heap:
 garbage-first heap   total 907264K, used 251430K [0x0000000700000000, 0x0000000800000000)
  region size 2048K, 2 young (4096K), 2 survivors (4096K)
 Metaspace       used 80049K, committed 81600K, reserved 389120K
  class space    used 10658K, committed 11392K, reserved 315392K
GC Heap History (20 events):
Event: 611.193 GC heap after
{Heap after GC invocations=53 (full 0):
 garbage-first heap   total 770048K, used 236439K [0x0000000700000000, 0x0000000800000000)
  region size 2048K, 10 young (20480K), 10 survivors (20480K)
 Metaspace       used 80033K, committed 81600K, reserved 389120K
  class space    used 10658K, committed 11392K, reserved 315392K
}
Event: 612.508 GC heap before
{Heap before GC invocations=53 (full 0):
 garbage-first heap   total 770048K, used 656279K [0x0000000700000000, 0x0000000800000000)
  region size 2048K, 216 young (442368K), 10 survivors (20480K)
 Metaspace       used 80035K, committed 81600K, reserved 389120K
  class space    used 10658K, committed 11392K, reserved 315392K
}
Event: 612.541 GC heap after
{Heap after GC invocations=54 (full 0):
 garbage-first heap   total 770048K, used 238967K [0x0000000700000000, 0x0000000800000000)
  region size 2048K, 11 young (22528K), 11 survivors (22528K)
 Metaspace       used 80035K, committed 81600K, reserved 389120K
  class space    used 10658K, committed 11392K, reserved 315392K
}
Event: 614.289 GC heap before
{Heap before GC invocations=54 (full 0):
 garbage-first heap   total 770048K, used 662903K [0x0000000700000000, 0x0000000800000000)
  region size 2048K, 218 young (446464K), 11 survivors (22528K)
 Metaspace       used 80037K, committed 81600K, reserved 389120K
  class space    used 10658K, committed 11392K, reserved 315392K
}
Event: 614.325 GC heap after
{Heap after GC invocations=55 (full 0):
 garbage-first heap   total 770048K, used 240710K [0x0000000700000000, 0x0000000800000000)
  region size 2048K, 12 young (24576K), 12 survivors (24576K)
 Metaspace       used 80037K, committed 81600K, reserved 389120K
  class space    used 10658K, committed 11392K, reserved 315392K
}
Event: 616.213 GC heap before
{Heap before GC invocations=55 (full 0):
 garbage-first heap   total 770048K, used 664646K [0x0000000700000000, 0x0000000800000000)
  region size 2048K, 219 young (448512K), 12 survivors (24576K)
 Metaspace       used 80040K, committed 81600K, reserved 389120K
  class space    used 10658K, committed 11392K, reserved 315392K
}
Event: 616.251 GC heap after
{Heap after GC invocations=56 (full 0):
 garbage-first heap   total 770048K, used 243795K [0x0000000700000000, 0x0000000800000000)
  region size 2048K, 13 young (26624K), 13 survivors (26624K)
 Metaspace       used 80040K, committed 81600K, reserved 389120K
  class space    used 10658K, committed 11392K, reserved 315392K
}
Event: 617.779 GC heap before
{Heap before GC invocations=56 (full 0):
 garbage-first heap   total 770048K, used 663635K [0x0000000700000000, 0x0000000800000000)
  region size 2048K, 218 young (446464K), 13 survivors (26624K)
 Metaspace       used 80042K, committed 81600K, reserved 389120K
  class space    used 10658K, committed 11392K, reserved 315392K
}
Event: 617.826 GC heap after
{Heap after GC invocations=57 (full 0):
 garbage-first heap   total 770048K, used 246428K [0x0000000700000000, 0x0000000800000000)
  region size 2048K, 14 young (28672K), 14 survivors (28672K)
 Metaspace       used 80042K, committed 81600K, reserved 389120K
  class space    used 10658K, committed 11392K, reserved 315392K
}
Event: 619.120 GC heap before
{Heap before GC invocations=57 (full 0):
 garbage-first heap   total 770048K, used 662172K [0x0000000700000000, 0x0000000800000000)
  region size 2048K, 217 young (444416K), 14 survivors (28672K)
 Metaspace       used 80044K, committed 81600K, reserved 389120K
  class space    used 10658K, committed 11392K, reserved 315392K
}
Event: 619.171 GC heap after
{Heap after GC invocations=58 (full 0):
 garbage-first heap   total 770048K, used 252572K [0x0000000700000000, 0x0000000800000000)
  region size 2048K, 16 young (32768K), 16 survivors (32768K)
 Metaspace       used 80044K, committed 81600K, reserved 389120K
  class space    used 10658K, committed 11392K, reserved 315392K
}
Event: 621.072 GC heap before
{Heap before GC invocations=58 (full 0):
 garbage-first heap   total 770048K, used 662172K [0x0000000700000000, 0x0000000800000000)
  region size 2048K, 214 young (438272K), 16 survivors (32768K)
 Metaspace       used 80049K, committed 81600K, reserved 389120K
  class space    used 10658K, committed 11392K, reserved 315392K
}
Event: 623.226 GC heap after
{Heap after GC invocations=59 (full 0):
 garbage-first heap   total 907264K, used 248811K [0x0000000700000000, 0x0000000800000000)
  region size 2048K, 14 young (28672K), 14 survivors (28672K)
 Metaspace       used 80049K, committed 81600K, reserved 389120K
  class space    used 10658K, committed 11392K, reserved 315392K
}
Event: 623.308 GC heap before
{Heap before GC invocations=59 (full 0):
 garbage-first heap   total 907264K, used 265195K [0x0000000700000000, 0x0000000800000000)
  region size 2048K, 22 young (45056K), 14 survivors (28672K)
 Metaspace       used 80049K, committed 81600K, reserved 389120K
  class space    used 10658K, committed 11392K, reserved 315392K
}
Event: 625.342 GC heap after
{Heap after GC invocations=60 (full 0):
 garbage-first heap   total 907264K, used 250002K [0x0000000700000000, 0x0000000800000000)
  region size 2048K, 3 young (6144K), 3 survivors (6144K)
 Metaspace       used 80049K, committed 81600K, reserved 389120K
  class space    used 10658K, committed 11392K, reserved 315392K
}
Event: 625.491 GC heap before
{Heap before GC invocations=60 (full 0):
 garbage-first heap   total 907264K, used 288914K [0x0000000700000000, 0x0000000800000000)
  region size 2048K, 22 young (45056K), 3 survivors (6144K)
 Metaspace       used 80049K, committed 81600K, reserved 389120K
  class space    used 10658K, committed 11392K, reserved 315392K
}
Event: 625.563 GC heap after
{Heap after GC invocations=61 (full 0):
 garbage-first heap   total 907264K, used 251061K [0x0000000700000000, 0x0000000800000000)
  region size 2048K, 2 young (4096K), 2 survivors (4096K)
 Metaspace       used 80049K, committed 81600K, reserved 389120K
  class space    used 10658K, committed 11392K, reserved 315392K
}
Event: 625.994 GC heap before
{Heap before GC invocations=61 (full 0):
 garbage-first heap   total 907264K, used 353461K [0x0000000700000000, 0x0000000800000000)
  region size 2048K, 52 young (106496K), 2 survivors (4096K)
 Metaspace       used 80049K, committed 81600K, reserved 389120K
  class space    used 10658K, committed 11392K, reserved 315392K
}
Event: 626.018 GC heap after
{Heap after GC invocations=62 (full 0):
 garbage-first heap   total 907264K, used 250625K [0x0000000700000000, 0x0000000800000000)
  region size 2048K, 2 young (4096K), 2 survivors (4096K)
 Metaspace       used 80049K, committed 81600K, reserved 389120K
  class space    used 10658K, committed 11392K, reserved 315392K
}
Event: 627.139 GC heap before
{Heap before GC invocations=62 (full 0):
 garbage-first heap   total 907264K, used 475905K [0x0000000700000000, 0x0000000800000000)
  region size 2048K, 112 young (229376K), 2 survivors (4096K)
 Metaspace       used 80049K, committed 81600K, reserved 389120K
  class space    used 10658K, committed 11392K, reserved 315392K
}

