# JRE version: OpenJDK Runtime Environment Temurin-21.0.8+9 (21.0.8+9) (build 21.0.8+9-LTS)
# Java VM: OpenJDK 64-Bit Server VM Temurin-21.0.8+9 (21.0.8+9-LTS, mixed mode, sharing, tiered, compressed oops, compressed class ptrs, parallel gc, windows-amd64)
GC Precious Log:
 CardTable entry size: 512
 CPUs: 8 total, 8 available
 Memory: 6030M
 Large Page Support: Disabled
 NUMA Support: Disabled
 Compressed Oops: Enabled (Zero based)
 Alignments: Space 512K, Generation 512K, Heap 2M
 Heap Min Capacity: 100M
 Heap Initial Capacity: 100M
 Heap Max Capacity: 4G
 Pre-touch: Disabled
 Parallel Workers: 8
Heap:
 PSYoungGen      total 23040K, used 3846K [0x00000007aab00000, 0x00000007ac800000, 0x0000000800000000)
  eden space 22016K, 12% used [0x00000007aab00000,0x00000007aadc7650,0x00000007ac080000)
  from space 1024K, 97% used [0x00000007ac680000,0x00000007ac77a1d8,0x00000007ac780000)
  to   space 512K, 0% used [0x00000007ac780000,0x00000007ac780000,0x00000007ac800000)
 ParOldGen       total 68608K, used 41058K [0x0000000700000000, 0x0000000704300000, 0x00000007aab00000)
  object space 68608K, 59% used [0x0000000700000000,0x0000000702818ba8,0x0000000704300000)
 Metaspace       used 60705K, committed 62016K, reserved 1114112K
  class space    used 7206K, committed 7808K, reserved 1048576K
GC Heap History (20 events):
Event: 17.508 GC heap before
{Heap before GC invocations=25 (full 2):
 PSYoungGen      total 23040K, used 22912K [0x00000007aab00000, 0x00000007acc00000, 0x0000000800000000)
  eden space 22016K, 100% used [0x00000007aab00000,0x00000007ac080000,0x00000007ac080000)
  from space 1024K, 87% used [0x00000007acb00000,0x00000007acbe0000,0x00000007acc00000)
  to   space 4096K, 0% used [0x00000007ac400000,0x00000007ac400000,0x00000007ac800000)
 ParOldGen       total 68608K, used 32093K [0x0000000700000000, 0x0000000704300000, 0x00000007aab00000)
  object space 68608K, 46% used [0x0000000700000000,0x0000000701f576f8,0x0000000704300000)
 Metaspace       used 50303K, committed 51520K, reserved 1114112K
  class space    used 5747K, committed 6272K, reserved 1048576K
}
Event: 17.510 GC heap after
{Heap after GC invocations=25 (full 2):
 PSYoungGen      total 26112K, used 672K [0x00000007aab00000, 0x00000007acb80000, 0x0000000800000000)
  eden space 22016K, 0% used [0x00000007aab00000,0x00000007aab00000,0x00000007ac080000)
  from space 4096K, 16% used [0x00000007ac400000,0x00000007ac4a8000,0x00000007ac800000)
  to   space 1536K, 0% used [0x00000007aca00000,0x00000007aca00000,0x00000007acb80000)
 ParOldGen       total 68608K, used 32837K [0x0000000700000000, 0x0000000704300000, 0x00000007aab00000)
  object space 68608K, 47% used [0x0000000700000000,0x0000000702011708,0x0000000704300000)
 Metaspace       used 50303K, committed 51520K, reserved 1114112K
  class space    used 5747K, committed 6272K, reserved 1048576K
}
Event: 17.729 GC heap before
{Heap before GC invocations=26 (full 2):
 PSYoungGen      total 26112K, used 22688K [0x00000007aab00000, 0x00000007acb80000, 0x0000000800000000)
  eden space 22016K, 100% used [0x00000007aab00000,0x00000007ac080000,0x00000007ac080000)
  from space 4096K, 16% used [0x00000007ac400000,0x00000007ac4a8000,0x00000007ac800000)
  to   space 1536K, 0% used [0x00000007aca00000,0x00000007aca00000,0x00000007acb80000)
 ParOldGen       total 68608K, used 32837K [0x0000000700000000, 0x0000000704300000, 0x00000007aab00000)
  object space 68608K, 47% used [0x0000000700000000,0x0000000702011708,0x0000000704300000)
 Metaspace       used 50309K, committed 51520K, reserved 1114112K
  class space    used 5747K, committed 6272K, reserved 1048576K
}
Event: 17.731 GC heap after
{Heap after GC invocations=26 (full 2):
 PSYoungGen      total 23040K, used 704K [0x00000007aab00000, 0x00000007acb00000, 0x0000000800000000)
  eden space 22016K, 0% used [0x00000007aab00000,0x00000007aab00000,0x00000007ac080000)
  from space 1024K, 68% used [0x00000007aca00000,0x00000007acab0000,0x00000007acb00000)
  to   space 1024K, 0% used [0x00000007ac900000,0x00000007ac900000,0x00000007aca00000)
 ParOldGen       total 68608K, used 33350K [0x0000000700000000, 0x0000000704300000, 0x00000007aab00000)
  object space 68608K, 48% used [0x0000000700000000,0x0000000702091aa8,0x0000000704300000)
 Metaspace       used 50309K, committed 51520K, reserved 1114112K
  class space    used 5747K, committed 6272K, reserved 1048576K
}
Event: 18.017 GC heap before
{Heap before GC invocations=27 (full 2):
 PSYoungGen      total 23040K, used 22720K [0x00000007aab00000, 0x00000007acb00000, 0x0000000800000000)
  eden space 22016K, 100% used [0x00000007aab00000,0x00000007ac080000,0x00000007ac080000)
  from space 1024K, 68% used [0x00000007aca00000,0x00000007acab0000,0x00000007acb00000)
  to   space 1024K, 0% used [0x00000007ac900000,0x00000007ac900000,0x00000007aca00000)
 ParOldGen       total 68608K, used 33350K [0x0000000700000000, 0x0000000704300000, 0x00000007aab00000)
  object space 68608K, 48% used [0x0000000700000000,0x0000000702091aa8,0x0000000704300000)
 Metaspace       used 50525K, committed 51712K, reserved 1114112K
  class space    used 5797K, committed 6336K, reserved 1048576K
}
Event: 18.021 GC heap after
{Heap after GC invocations=27 (full 2):
 PSYoungGen      total 23040K, used 1018K [0x00000007aab00000, 0x00000007acb80000, 0x0000000800000000)
  eden space 22016K, 0% used [0x00000007aab00000,0x00000007aab00000,0x00000007ac080000)
  from space 1024K, 99% used [0x00000007ac900000,0x00000007ac9feab8,0x00000007aca00000)
  to   space 1536K, 0% used [0x00000007aca00000,0x00000007aca00000,0x00000007acb80000)
 ParOldGen       total 68608K, used 36820K [0x0000000700000000, 0x0000000704300000, 0x00000007aab00000)
  object space 68608K, 53% used [0x0000000700000000,0x00000007023f51a8,0x0000000704300000)
 Metaspace       used 50525K, committed 51712K, reserved 1114112K
  class space    used 5797K, committed 6336K, reserved 1048576K
}
Event: 18.499 GC heap before
{Heap before GC invocations=28 (full 2):
 PSYoungGen      total 23040K, used 23034K [0x00000007aab00000, 0x00000007acb80000, 0x0000000800000000)
  eden space 22016K, 100% used [0x00000007aab00000,0x00000007ac080000,0x00000007ac080000)
  from space 1024K, 99% used [0x00000007ac900000,0x00000007ac9feab8,0x00000007aca00000)
  to   space 1536K, 0% used [0x00000007aca00000,0x00000007aca00000,0x00000007acb80000)
 ParOldGen       total 68608K, used 36820K [0x0000000700000000, 0x0000000704300000, 0x00000007aab00000)
  object space 68608K, 53% used [0x0000000700000000,0x00000007023f51a8,0x0000000704300000)
 Metaspace       used 52858K, committed 54080K, reserved 1114112K
  class space    used 6186K, committed 6720K, reserved 1048576K
}
Event: 18.503 GC heap after
{Heap after GC invocations=28 (full 2):
 PSYoungGen      total 23040K, used 960K [0x00000007aab00000, 0x00000007acb00000, 0x0000000800000000)
  eden space 22016K, 0% used [0x00000007aab00000,0x00000007aab00000,0x00000007ac080000)
  from space 1024K, 93% used [0x00000007aca00000,0x00000007acaf0020,0x00000007acb00000)
  to   space 2560K, 0% used [0x00000007ac600000,0x00000007ac600000,0x00000007ac880000)
 ParOldGen       total 68608K, used 37841K [0x0000000700000000, 0x0000000704300000, 0x00000007aab00000)
  object space 68608K, 55% used [0x0000000700000000,0x00000007024f4608,0x0000000704300000)
 Metaspace       used 52858K, committed 54080K, reserved 1114112K
  class space    used 6186K, committed 6720K, reserved 1048576K
}
Event: 19.230 GC heap before
{Heap before GC invocations=29 (full 2):
 PSYoungGen      total 23040K, used 22976K [0x00000007aab00000, 0x00000007acb00000, 0x0000000800000000)
  eden space 22016K, 100% used [0x00000007aab00000,0x00000007ac080000,0x00000007ac080000)
  from space 1024K, 93% used [0x00000007aca00000,0x00000007acaf0020,0x00000007acb00000)
  to   space 2560K, 0% used [0x00000007ac600000,0x00000007ac600000,0x00000007ac880000)
 ParOldGen       total 68608K, used 37841K [0x0000000700000000, 0x0000000704300000, 0x00000007aab00000)
  object space 68608K, 55% used [0x0000000700000000,0x00000007024f4608,0x0000000704300000)
 Metaspace       used 55042K, committed 56256K, reserved 1114112K
  class space    used 6521K, committed 7104K, reserved 1048576K
}
Event: 19.235 GC heap after
{Heap after GC invocations=29 (full 2):
 PSYoungGen      total 24064K, used 1859K [0x00000007aab00000, 0x00000007aca80000, 0x0000000800000000)
  eden space 22016K, 0% used [0x00000007aab00000,0x00000007aab00000,0x00000007ac080000)
  from space 2048K, 90% used [0x00000007ac600000,0x00000007ac7d0e20,0x00000007ac800000)
  to   space 2560K, 0% used [0x00000007ac800000,0x00000007ac800000,0x00000007aca80000)
 ParOldGen       total 68608K, used 38665K [0x0000000700000000, 0x0000000704300000, 0x00000007aab00000)
  object space 68608K, 56% used [0x0000000700000000,0x00000007025c2628,0x0000000704300000)
 Metaspace       used 55042K, committed 56256K, reserved 1114112K
  class space    used 6521K, committed 7104K, reserved 1048576K
}
Event: 19.561 GC heap before
{Heap before GC invocations=30 (full 2):
 PSYoungGen      total 24064K, used 23875K [0x00000007aab00000, 0x00000007aca80000, 0x0000000800000000)
  eden space 22016K, 100% used [0x00000007aab00000,0x00000007ac080000,0x00000007ac080000)
  from space 2048K, 90% used [0x00000007ac600000,0x00000007ac7d0e20,0x00000007ac800000)
  to   space 2560K, 0% used [0x00000007ac800000,0x00000007ac800000,0x00000007aca80000)
 ParOldGen       total 68608K, used 38665K [0x0000000700000000, 0x0000000704300000, 0x00000007aab00000)
  object space 68608K, 56% used [0x0000000700000000,0x00000007025c2628,0x0000000704300000)
 Metaspace       used 56532K, committed 57728K, reserved 1114112K
  class space    used 6677K, committed 7232K, reserved 1048576K
}
Event: 19.567 GC heap after
{Heap after GC invocations=30 (full 2):
 PSYoungGen      total 23552K, used 1376K [0x00000007aab00000, 0x00000007ac980000, 0x0000000800000000)
  eden space 22016K, 0% used [0x00000007aab00000,0x00000007aab00000,0x00000007ac080000)
  from space 1536K, 89% used [0x00000007ac800000,0x00000007ac958000,0x00000007ac980000)
  to   space 2048K, 0% used [0x00000007ac580000,0x00000007ac580000,0x00000007ac780000)
 ParOldGen       total 68608K, used 40432K [0x0000000700000000, 0x0000000704300000, 0x00000007aab00000)
  object space 68608K, 58% used [0x0000000700000000,0x000000070277c178,0x0000000704300000)
 Metaspace       used 56532K, committed 57728K, reserved 1114112K
  class space    used 6677K, committed 7232K, reserved 1048576K
}
Event: 19.887 GC heap before
{Heap before GC invocations=31 (full 2):
 PSYoungGen      total 23552K, used 23392K [0x00000007aab00000, 0x00000007ac980000, 0x0000000800000000)
  eden space 22016K, 100% used [0x00000007aab00000,0x00000007ac080000,0x00000007ac080000)
  from space 1536K, 89% used [0x00000007ac800000,0x00000007ac958000,0x00000007ac980000)
  to   space 2048K, 0% used [0x00000007ac580000,0x00000007ac580000,0x00000007ac780000)
 ParOldGen       total 68608K, used 40432K [0x0000000700000000, 0x0000000704300000, 0x00000007aab00000)
  object space 68608K, 58% used [0x0000000700000000,0x000000070277c178,0x0000000704300000)
 Metaspace       used 57842K, committed 59072K, reserved 1114112K
  class space    used 6875K, committed 7424K, reserved 1048576K
}
Event: 19.889 GC heap after
{Heap after GC invocations=31 (full 2):
 PSYoungGen      total 24064K, used 474K [0x00000007aab00000, 0x00000007ac880000, 0x0000000800000000)
  eden space 22016K, 0% used [0x00000007aab00000,0x00000007aab00000,0x00000007ac080000)
  from space 2048K, 23% used [0x00000007ac580000,0x00000007ac5f6b38,0x00000007ac780000)
  to   space 1024K, 0% used [0x00000007ac780000,0x00000007ac780000,0x00000007ac880000)
 ParOldGen       total 68608K, used 41723K [0x0000000700000000, 0x0000000704300000, 0x00000007aab00000)
  object space 68608K, 60% used [0x0000000700000000,0x00000007028bed08,0x0000000704300000)
 Metaspace       used 57842K, committed 59072K, reserved 1114112K
  class space    used 6875K, committed 7424K, reserved 1048576K
}
Event: 20.116 GC heap before
{Heap before GC invocations=32 (full 2):
 PSYoungGen      total 24064K, used 11869K [0x00000007aab00000, 0x00000007ac880000, 0x0000000800000000)
  eden space 22016K, 51% used [0x00000007aab00000,0x00000007ab620b78,0x00000007ac080000)
  from space 2048K, 23% used [0x00000007ac580000,0x00000007ac5f6b38,0x00000007ac780000)
  to   space 1024K, 0% used [0x00000007ac780000,0x00000007ac780000,0x00000007ac880000)
 ParOldGen       total 68608K, used 41723K [0x0000000700000000, 0x0000000704300000, 0x00000007aab00000)
  object space 68608K, 60% used [0x0000000700000000,0x00000007028bed08,0x0000000704300000)
 Metaspace       used 58610K, committed 59776K, reserved 1114112K
  class space    used 6951K, committed 7488K, reserved 1048576K
}
Event: 20.118 GC heap after
{Heap after GC invocations=32 (full 2):
 PSYoungGen      total 23040K, used 533K [0x00000007aab00000, 0x00000007ac880000, 0x0000000800000000)
  eden space 22016K, 0% used [0x00000007aab00000,0x00000007aab00000,0x00000007ac080000)
  from space 1024K, 52% used [0x00000007ac780000,0x00000007ac805560,0x00000007ac880000)
  to   space 1024K, 0% used [0x00000007ac680000,0x00000007ac680000,0x00000007ac780000)
 ParOldGen       total 68608K, used 42094K [0x0000000700000000, 0x0000000704300000, 0x00000007aab00000)
  object space 68608K, 61% used [0x0000000700000000,0x000000070291b860,0x0000000704300000)
 Metaspace       used 58610K, committed 59776K, reserved 1114112K
  class space    used 6951K, committed 7488K, reserved 1048576K
}
Event: 20.118 GC heap before
{Heap before GC invocations=33 (full 3):
 PSYoungGen      total 23040K, used 533K [0x00000007aab00000, 0x00000007ac880000, 0x0000000800000000)
  eden space 22016K, 0% used [0x00000007aab00000,0x00000007aab00000,0x00000007ac080000)
  from space 1024K, 52% used [0x00000007ac780000,0x00000007ac805560,0x00000007ac880000)
  to   space 1024K, 0% used [0x00000007ac680000,0x00000007ac680000,0x00000007ac780000)
 ParOldGen       total 68608K, used 42094K [0x0000000700000000, 0x0000000704300000, 0x00000007aab00000)
  object space 68608K, 61% used [0x0000000700000000,0x000000070291b860,0x0000000704300000)
 Metaspace       used 58610K, committed 59776K, reserved 1114112K
  class space    used 6951K, committed 7488K, reserved 1048576K
}
Event: 20.189 GC heap after
{Heap after GC invocations=33 (full 3):
 PSYoungGen      total 23040K, used 0K [0x00000007aab00000, 0x00000007ac880000, 0x0000000800000000)
  eden space 22016K, 0% used [0x00000007aab00000,0x00000007aab00000,0x00000007ac080000)
  from space 1024K, 0% used [0x00000007ac780000,0x00000007ac780000,0x00000007ac880000)
  to   space 1024K, 0% used [0x00000007ac680000,0x00000007ac680000,0x00000007ac780000)
 ParOldGen       total 68608K, used 41010K [0x0000000700000000, 0x0000000704300000, 0x00000007aab00000)
  object space 68608K, 59% used [0x0000000700000000,0x000000070280cba8,0x0000000704300000)
 Metaspace       used 58610K, committed 59776K, reserved 1114112K
  class space    used 6951K, committed 7488K, reserved 1048576K
}
Event: 35.126 GC heap before
{Heap before GC invocations=34 (full 3):
 PSYoungGen      total 23040K, used 22016K [0x00000007aab00000, 0x00000007ac880000, 0x0000000800000000)
  eden space 22016K, 100% used [0x00000007aab00000,0x00000007ac080000,0x00000007ac080000)
  from space 1024K, 0% used [0x00000007ac780000,0x00000007ac780000,0x00000007ac880000)
  to   space 1024K, 0% used [0x00000007ac680000,0x00000007ac680000,0x00000007ac780000)
 ParOldGen       total 68608K, used 41010K [0x0000000700000000, 0x0000000704300000, 0x00000007aab00000)
  object space 68608K, 59% used [0x0000000700000000,0x000000070280cba8,0x0000000704300000)
 Metaspace       used 60477K, committed 61888K, reserved 1114112K
  class space    used 7196K, committed 7808K, reserved 1048576K
}
Event: 35.130 GC heap after
{Heap after GC invocations=34 (full 3):
 PSYoungGen      total 23040K, used 1000K [0x00000007aab00000, 0x00000007ac800000, 0x0000000800000000)
  eden space 22016K, 0% used [0x00000007aab00000,0x00000007aab00000,0x00000007ac080000)
  from space 1024K, 97% used [0x00000007ac680000,0x00000007ac77a1d8,0x00000007ac780000)
  to   space 512K, 0% used [0x00000007ac780000,0x00000007ac780000,0x00000007ac800000)
 ParOldGen       total 68608K, used 41058K [0x0000000700000000, 0x0000000704300000, 0x00000007aab00000)
  object space 68608K, 59% used [0x0000000700000000,0x0000000702818ba8,0x0000000704300000)
 Metaspace       used 60477K, committed 61888K, reserved 1114112K
  class space    used 7196K, committed 7808K, reserved 1048576K
}

